Fri, 09 Feb 2007 18:12:56 INFO ==================

Fri, 09 Feb 2007 18:12:56 INFO 

Start to identify case Chlamydia
Fri, 09 Feb 2007 18:12:56 INFO LX for Chlamydia : (PId, LxOrderid) -[]
Fri, 09 Feb 2007 18:12:56 INFO No cases of Chlamydia found
Fri, 09 Feb 2007 18:12:56 INFO 

Start to identify case Gonorrhea
Fri, 09 Feb 2007 18:12:56 INFO LX for Gonorrhea : (PId, LxOrderid) -[]
Fri, 09 Feb 2007 18:12:56 INFO No cases of Gonorrhea found
Fri, 09 Feb 2007 18:12:56 INFO 

Start to identify case PID
Fri, 09 Feb 2007 18:12:56 INFO LX for PID : (PId, LxOrderid) -[]
Fri, 09 Feb 2007 18:12:56 INFO No cases of PID found
Fri, 09 Feb 2007 18:16:14 INFO ==================

Fri, 09 Feb 2007 18:16:14 INFO 

Start to identify case Chlamydia
Fri, 09 Feb 2007 18:16:14 INFO LX for Chlamydia : (PId, LxOrderid) -[('187338120', 88251), ('187338120', 44313), ('742840180', 60407), ('807932926', 17034), ('849081768', 86517), ('451077468', 37933), ('247970431', 70906), ('716120463', 42034), ('918934524', 42926), ('016085604', 90494), ('483650739', 82576), ('483650739', 98286), ('545036495', 53303), ('019419290', 3779), ('019419290', 94813), ('019419290', 26277), ('525363636', 14649), ('525363636', 6883), ('805346370', 63771), ('054171625', 9792), ('049924444', 65730), ('416389435', 41481), ('574761831', 4557), ('270255893', 31926), ('911269478', 2474), ('501429637', 26039), ('402966853', 35745), ('205667122', 56106), ('588754300', 93836), ('281108126', 62538), ('074228488', 9617), ('476495888', 52666), ('645222182', 77471), ('571158002', 77279), ('537370500', 10517), ('702878754', 81992), ('759563035', 68747), ('759563035', 78595), ('841366030', 98773), ('311988231', 72016), ('311988231', 28204), ('964063832', 4759), ('992802566', 25484), ('222725970', 17120), ('678266827', 80406), ('510891851', 92400), ('292785298', 20886), ('292785298', 82316), ('292785298', 47126), ('239455237', 40968), ('265557264', 69968), ('187529262', 60217), ('446803382', 99739), ('988442306', 80800), ('056007286', 27981), ('056007286', 90932), ('023176691', 22642), ('674570526', 27648), ('460776912', 13634), ('460776912', 48546), ('664986773', 5946)]
Fri, 09 Feb 2007 18:16:14 INFO NewCase-Chlamydia: DemogPID187338120
Fri, 09 Feb 2007 18:16:14 INFO Chlamydia: Update unsend CaseID1,DemogPID187338120
Fri, 09 Feb 2007 18:16:14 INFO NewCase-Chlamydia: DemogPID742840180
Fri, 09 Feb 2007 18:16:14 INFO NewCase-Chlamydia: DemogPID807932926
Fri, 09 Feb 2007 18:16:14 INFO NewCase-Chlamydia: DemogPID849081768
Fri, 09 Feb 2007 18:16:15 INFO NewCase-Chlamydia: DemogPID451077468
Fri, 09 Feb 2007 18:16:15 INFO NewCase-Chlamydia: DemogPID247970431
Fri, 09 Feb 2007 18:16:15 INFO NewCase-Chlamydia: DemogPID716120463
Fri, 09 Feb 2007 18:16:15 INFO NewCase-Chlamydia: DemogPID918934524
Fri, 09 Feb 2007 18:16:15 INFO NewCase-Chlamydia: DemogPID016085604
Fri, 09 Feb 2007 18:16:15 INFO NewCase-Chlamydia: DemogPID483650739
Fri, 09 Feb 2007 18:16:15 INFO Chlamydia: Update unsend CaseID10,DemogPID483650739
Fri, 09 Feb 2007 18:16:16 INFO NewCase-Chlamydia: DemogPID545036495
Fri, 09 Feb 2007 18:16:16 INFO NewCase-Chlamydia: DemogPID019419290
Fri, 09 Feb 2007 18:16:16 INFO Chlamydia: Update unsend CaseID12,DemogPID019419290
Fri, 09 Feb 2007 18:16:16 INFO Chlamydia: Update unsend CaseID12,DemogPID019419290
Fri, 09 Feb 2007 18:16:16 INFO NewCase-Chlamydia: DemogPID525363636
Fri, 09 Feb 2007 18:16:16 INFO Chlamydia: Update unsend CaseID13,DemogPID525363636
Fri, 09 Feb 2007 18:16:16 INFO NewCase-Chlamydia: DemogPID805346370
Fri, 09 Feb 2007 18:16:16 INFO NewCase-Chlamydia: DemogPID054171625
Fri, 09 Feb 2007 18:16:16 INFO NewCase-Chlamydia: DemogPID049924444
Fri, 09 Feb 2007 18:16:17 INFO NewCase-Chlamydia: DemogPID416389435
Fri, 09 Feb 2007 18:16:17 INFO NewCase-Chlamydia: DemogPID574761831
Fri, 09 Feb 2007 18:16:17 INFO NewCase-Chlamydia: DemogPID270255893
Fri, 09 Feb 2007 18:16:17 INFO NewCase-Chlamydia: DemogPID911269478
Fri, 09 Feb 2007 18:16:17 INFO NewCase-Chlamydia: DemogPID501429637
Fri, 09 Feb 2007 18:16:17 INFO NewCase-Chlamydia: DemogPID402966853
Fri, 09 Feb 2007 18:16:18 INFO NewCase-Chlamydia: DemogPID205667122
Fri, 09 Feb 2007 18:16:18 INFO NewCase-Chlamydia: DemogPID588754300
Fri, 09 Feb 2007 18:16:18 INFO NewCase-Chlamydia: DemogPID281108126
Fri, 09 Feb 2007 18:16:18 INFO NewCase-Chlamydia: DemogPID074228488
Fri, 09 Feb 2007 18:16:18 INFO NewCase-Chlamydia: DemogPID476495888
Fri, 09 Feb 2007 18:16:18 INFO NewCase-Chlamydia: DemogPID645222182
Fri, 09 Feb 2007 18:16:18 INFO NewCase-Chlamydia: DemogPID571158002
Fri, 09 Feb 2007 18:16:18 INFO NewCase-Chlamydia: DemogPID537370500
Fri, 09 Feb 2007 18:16:19 INFO NewCase-Chlamydia: DemogPID702878754
Fri, 09 Feb 2007 18:16:19 INFO NewCase-Chlamydia: DemogPID759563035
Fri, 09 Feb 2007 18:16:19 INFO Chlamydia: Update unsend CaseID32,DemogPID759563035
Fri, 09 Feb 2007 18:16:19 INFO NewCase-Chlamydia: DemogPID841366030
Fri, 09 Feb 2007 18:16:19 INFO NewCase-Chlamydia: DemogPID311988231
Fri, 09 Feb 2007 18:16:19 INFO Chlamydia: Update unsend CaseID34,DemogPID311988231
Fri, 09 Feb 2007 18:16:19 INFO NewCase-Chlamydia: DemogPID964063832
Fri, 09 Feb 2007 18:16:20 INFO NewCase-Chlamydia: DemogPID992802566
Fri, 09 Feb 2007 18:16:20 INFO NewCase-Chlamydia: DemogPID222725970
Fri, 09 Feb 2007 18:16:20 INFO NewCase-Chlamydia: DemogPID678266827
Fri, 09 Feb 2007 18:16:20 INFO NewCase-Chlamydia: DemogPID510891851
Fri, 09 Feb 2007 18:16:20 INFO NewCase-Chlamydia: DemogPID292785298
Fri, 09 Feb 2007 18:16:20 INFO Chlamydia: Update unsend CaseID40,DemogPID292785298
Fri, 09 Feb 2007 18:16:20 INFO Chlamydia: Update unsend CaseID40,DemogPID292785298
Fri, 09 Feb 2007 18:16:20 INFO NewCase-Chlamydia: DemogPID239455237
Fri, 09 Feb 2007 18:16:21 INFO NewCase-Chlamydia: DemogPID265557264
Fri, 09 Feb 2007 18:16:21 INFO NewCase-Chlamydia: DemogPID187529262
Fri, 09 Feb 2007 18:16:21 INFO NewCase-Chlamydia: DemogPID446803382
Fri, 09 Feb 2007 18:16:21 INFO NewCase-Chlamydia: DemogPID988442306
Fri, 09 Feb 2007 18:16:21 INFO NewCase-Chlamydia: DemogPID056007286
Fri, 09 Feb 2007 18:16:21 INFO Chlamydia: Update unsend CaseID46,DemogPID056007286
Fri, 09 Feb 2007 18:16:21 INFO NewCase-Chlamydia: DemogPID023176691
Fri, 09 Feb 2007 18:16:21 INFO NewCase-Chlamydia: DemogPID674570526
Fri, 09 Feb 2007 18:16:22 INFO NewCase-Chlamydia: DemogPID460776912
Fri, 09 Feb 2007 18:16:22 INFO Chlamydia: Update unsend CaseID49,DemogPID460776912
Fri, 09 Feb 2007 18:16:22 INFO NewCase-Chlamydia: DemogPID664986773
Fri, 09 Feb 2007 18:16:22 INFO 

Start to identify case Gonorrhea
Fri, 09 Feb 2007 18:16:22 INFO LX for Gonorrhea : (PId, LxOrderid) -[('187338120', 74603), ('187338120', 26704), ('027579277', 14416), ('849081768', 55533), ('451077468', 36561), ('247970431', 54956), ('206693994', 7598), ('019419290', 87241), ('525363636', 24646), ('792293841', 23861), ('359206467', 12971), ('069460687', 76323), ('911269478', 43280), ('911269478', 23165), ('501429637', 8620), ('173370602', 32059), ('126711584', 20804), ('074228488', 15075), ('074228488', 97719), ('476495888', 23203), ('537370500', 30999), ('668320412', 68029), ('403972775', 94069), ('759563035', 26871), ('841366030', 10511), ('841366030', 47988), ('007317850', 96770), ('311988231', 78476), ('655019526', 44255), ('510891851', 74506), ('239455237', 30748), ('664986773', 14908)]
Fri, 09 Feb 2007 18:16:22 INFO NewCase-Gonorrhea: DemogPID187338120
Fri, 09 Feb 2007 18:16:22 INFO Gonorrhea: Update unsend CaseID51,DemogPID187338120
Fri, 09 Feb 2007 18:16:22 INFO NewCase-Gonorrhea: DemogPID027579277
Fri, 09 Feb 2007 18:16:23 INFO NewCase-Gonorrhea: DemogPID849081768
Fri, 09 Feb 2007 18:16:23 INFO NewCase-Gonorrhea: DemogPID451077468
Fri, 09 Feb 2007 18:16:23 INFO NewCase-Gonorrhea: DemogPID247970431
Fri, 09 Feb 2007 18:16:23 INFO NewCase-Gonorrhea: DemogPID206693994
Fri, 09 Feb 2007 18:16:23 INFO NewCase-Gonorrhea: DemogPID019419290
Fri, 09 Feb 2007 18:16:23 INFO NewCase-Gonorrhea: DemogPID525363636
Fri, 09 Feb 2007 18:16:23 INFO NewCase-Gonorrhea: DemogPID792293841
Fri, 09 Feb 2007 18:16:24 INFO NewCase-Gonorrhea: DemogPID359206467
Fri, 09 Feb 2007 18:16:24 INFO NewCase-Gonorrhea: DemogPID069460687
Fri, 09 Feb 2007 18:16:24 INFO NewCase-Gonorrhea: DemogPID911269478
Fri, 09 Feb 2007 18:16:24 INFO Gonorrhea: Update unsend CaseID62,DemogPID911269478
Fri, 09 Feb 2007 18:16:24 INFO NewCase-Gonorrhea: DemogPID501429637
Fri, 09 Feb 2007 18:16:24 INFO NewCase-Gonorrhea: DemogPID173370602
Fri, 09 Feb 2007 18:16:24 INFO NewCase-Gonorrhea: DemogPID126711584
Fri, 09 Feb 2007 18:16:24 INFO NewCase-Gonorrhea: DemogPID074228488
Fri, 09 Feb 2007 18:16:25 INFO Gonorrhea: Update unsend CaseID66,DemogPID074228488
Fri, 09 Feb 2007 18:16:25 INFO NewCase-Gonorrhea: DemogPID476495888
Fri, 09 Feb 2007 18:16:25 INFO NewCase-Gonorrhea: DemogPID537370500
Fri, 09 Feb 2007 18:16:25 INFO NewCase-Gonorrhea: DemogPID668320412
Fri, 09 Feb 2007 18:16:25 INFO NewCase-Gonorrhea: DemogPID403972775
Fri, 09 Feb 2007 18:16:25 INFO NewCase-Gonorrhea: DemogPID759563035
Fri, 09 Feb 2007 18:16:25 INFO NewCase-Gonorrhea: DemogPID841366030
Fri, 09 Feb 2007 18:16:26 INFO Gonorrhea: Update unsend CaseID72,DemogPID841366030
Fri, 09 Feb 2007 18:16:26 INFO NewCase-Gonorrhea: DemogPID007317850
Fri, 09 Feb 2007 18:16:26 INFO NewCase-Gonorrhea: DemogPID311988231
Fri, 09 Feb 2007 18:16:26 INFO NewCase-Gonorrhea: DemogPID655019526
Fri, 09 Feb 2007 18:16:26 INFO NewCase-Gonorrhea: DemogPID510891851
Fri, 09 Feb 2007 18:16:26 INFO NewCase-Gonorrhea: DemogPID239455237
Fri, 09 Feb 2007 18:16:26 INFO NewCase-Gonorrhea: DemogPID664986773
Fri, 09 Feb 2007 18:16:26 INFO 

Start to identify case PID
Fri, 09 Feb 2007 18:16:26 INFO LX for PID : (PId, LxOrderid) -[('187338120', 88251), ('187338120', 74603), ('187338120', 26704), ('187338120', 44313), ('742840180', 60407), ('807932926', 17034), ('027579277', 14416), ('849081768', 86517), ('849081768', 55533), ('451077468', 37933), ('451077468', 36561), ('247970431', 70906), ('247970431', 54956), ('716120463', 42034), ('206693994', 7598), ('918934524', 42926), ('016085604', 90494), ('483650739', 82576), ('483650739', 98286), ('545036495', 53303), ('019419290', 3779), ('019419290', 94813), ('019419290', 87241), ('019419290', 26277), ('525363636', 24646), ('525363636', 14649), ('525363636', 6883), ('792293841', 23861), ('805346370', 63771), ('359206467', 12971), ('054171625', 9792), ('049924444', 65730), ('416389435', 41481), ('574761831', 4557), ('270255893', 31926), ('069460687', 76323), ('911269478', 43280), ('911269478', 2474), ('911269478', 23165), ('501429637', 26039), ('501429637', 8620), ('402966853', 35745), ('205667122', 56106), ('588754300', 93836), ('173370602', 32059), ('126711584', 20804), ('281108126', 62538), ('074228488', 9617), ('074228488', 15075), ('074228488', 97719), ('476495888', 23203), ('476495888', 52666), ('645222182', 77471), ('571158002', 77279), ('537370500', 30999), ('537370500', 10517), ('668320412', 68029), ('403972775', 94069), ('702878754', 81992), ('759563035', 68747), ('759563035', 26871), ('759563035', 78595), ('841366030', 98773), ('841366030', 10511), ('841366030', 47988), ('007317850', 96770), ('311988231', 78476), ('311988231', 72016), ('311988231', 28204), ('964063832', 4759), ('992802566', 25484), ('222725970', 17120), ('655019526', 44255), ('678266827', 80406), ('510891851', 92400), ('510891851', 74506), ('292785298', 20886), ('292785298', 82316), ('292785298', 47126), ('239455237', 40968), ('239455237', 30748), ('265557264', 69968), ('187529262', 60217), ('446803382', 99739), ('988442306', 80800), ('056007286', 27981), ('056007286', 90932), ('023176691', 22642), ('674570526', 27648), ('460776912', 13634), ('460776912', 48546), ('664986773', 5946), ('664986773', 14908)]
Fri, 09 Feb 2007 18:16:27 INFO No cases of PID found
Fri, 09 Feb 2007 18:16:27 INFO updateSentCase - cannot find 79 in pids,nothing to update
