Mon, 12 Feb 2007 18:58:35 INFO ==================

Mon, 12 Feb 2007 18:58:35 INFO 

Start to identify case Chlamydia
Mon, 12 Feb 2007 18:58:35 INFO LX for Chlamydia : (PId, LxOrderid) -[]
Mon, 12 Feb 2007 18:58:35 INFO No cases of Chlamydia found
Mon, 12 Feb 2007 18:58:35 INFO 

Start to identify case Gonorrhea
Mon, 12 Feb 2007 18:58:35 INFO LX for Gonorrhea : (PId, LxOrderid) -[]
Mon, 12 Feb 2007 18:58:35 INFO No cases of Gonorrhea found
Mon, 12 Feb 2007 18:58:35 INFO 

Start to identify case PID
Mon, 12 Feb 2007 18:58:35 INFO LX for PID : (PId, LxOrderid) -[('187338120', 88251), ('187338120', 74603), ('187338120', 26704), ('187338120', 44313), ('742840180', 60407), ('807932926', 17034), ('027579277', 14416), ('849081768', 86517), ('849081768', 55533), ('451077468', 37933), ('451077468', 36561), ('247970431', 70906), ('247970431', 54956), ('716120463', 42034), ('206693994', 7598), ('918934524', 42926), ('016085604', 90494), ('483650739', 82576), ('483650739', 98286), ('545036495', 53303), ('019419290', 3779), ('019419290', 94813), ('019419290', 87241), ('019419290', 26277), ('525363636', 24646), ('525363636', 14649), ('525363636', 6883), ('792293841', 23861), ('805346370', 63771), ('359206467', 12971), ('054171625', 9792), ('049924444', 65730), ('416389435', 41481), ('574761831', 4557), ('270255893', 31926), ('069460687', 76323), ('911269478', 43280), ('911269478', 2474), ('911269478', 23165), ('501429637', 26039), ('501429637', 8620), ('402966853', 35745), ('205667122', 56106), ('588754300', 93836), ('173370602', 32059), ('126711584', 20804), ('281108126', 62538), ('074228488', 9617), ('074228488', 15075), ('074228488', 97719), ('476495888', 23203), ('476495888', 52666), ('645222182', 77471), ('571158002', 77279), ('537370500', 30999), ('537370500', 10517), ('668320412', 68029), ('403972775', 94069), ('702878754', 81992), ('759563035', 68747), ('759563035', 26871), ('759563035', 78595), ('841366030', 98773), ('841366030', 10511), ('841366030', 47988), ('007317850', 96770), ('311988231', 78476), ('311988231', 72016), ('311988231', 28204), ('964063832', 4759), ('992802566', 25484), ('222725970', 17120), ('655019526', 44255), ('678266827', 80406), ('510891851', 92400), ('510891851', 74506), ('292785298', 20886), ('292785298', 82316), ('292785298', 47126), ('239455237', 40968), ('239455237', 30748), ('265557264', 69968), ('187529262', 60217), ('446803382', 99739), ('988442306', 80800), ('056007286', 27981), ('056007286', 90932), ('023176691', 22642), ('674570526', 27648), ('460776912', 13634), ('460776912', 48546), ('664986773', 5946), ('664986773', 14908)]
Mon, 12 Feb 2007 18:58:36 INFO No cases of PID found
Mon, 12 Feb 2007 18:58:36 INFO updateSentCase - cannot find 79 in pids,nothing to update
Mon, 12 Feb 2007 19:01:31 INFO ==================

Mon, 12 Feb 2007 19:01:31 INFO 

Start to identify case Chlamydia
Mon, 12 Feb 2007 19:01:31 INFO LX for Chlamydia : (PId, LxOrderid) -[('035488224', 58100), ('035488224', 62493), ('216680113', 26141), ('216680113', 34816), ('098756524', 36221), ('439118274', 54018), ('329205479', 51962), ('038049352', 56444), ('367371341', 94355), ('884089414', 66425), ('729294478', 35200), ('939271534', 55452), ('939271534', 7443), ('823293472', 80130), ('969245135', 44157), ('129893592', 74323), ('696953713', 17793), ('144767944', 72428), ('060050466', 37251), ('560535327', 77886), ('305925143', 63024), ('712362488', 82999), ('352622084', 16509), ('352622084', 45428), ('575231580', 43114), ('302794659', 53339), ('195641618', 94274), ('102455635', 39487), ('131586877', 39420), ('131586877', 15059), ('969527683', 34162), ('154938670', 3131), ('381507224', 34418), ('217602161', 60264), ('411502121', 70670), ('411502121', 54778), ('614467261', 37726), ('256329207', 48081), ('393021348', 32784), ('109982725', 69551), ('977735681', 80367), ('601008098', 78429), ('601008098', 92343), ('387572220', 91908), ('387572220', 84481), ('237284824', 44446), ('893024215', 46496), ('884244697', 8202), ('884244697', 69713), ('905830710', 39220), ('006017162', 11414), ('704108503', 22212), ('704108503', 34709), ('593132822', 67169), ('607016318', 4473), ('249765165', 22853), ('249765165', 41604), ('996608951', 65658), ('606227943', 66505), ('606227943', 26333), ('933194091', 20642), ('933194091', 22136)]
Mon, 12 Feb 2007 19:01:31 INFO NewCase-Chlamydia: DemogPID823293472
Mon, 12 Feb 2007 19:01:32 INFO NewCase-Chlamydia: DemogPID969245135
Mon, 12 Feb 2007 19:01:32 INFO NewCase-Chlamydia: DemogPID129893592
Mon, 12 Feb 2007 19:01:32 INFO NewCase-Chlamydia: DemogPID696953713
Mon, 12 Feb 2007 19:01:32 INFO NewCase-Chlamydia: DemogPID144767944
Mon, 12 Feb 2007 19:01:32 INFO NewCase-Chlamydia: DemogPID060050466
Mon, 12 Feb 2007 19:01:32 INFO NewCase-Chlamydia: DemogPID560535327
Mon, 12 Feb 2007 19:01:32 INFO NewCase-Chlamydia: DemogPID305925143
Mon, 12 Feb 2007 19:01:32 INFO NewCase-Chlamydia: DemogPID712362488
Mon, 12 Feb 2007 19:01:33 INFO NewCase-Chlamydia: DemogPID352622084
Mon, 12 Feb 2007 19:01:33 INFO Chlamydia: Update unsend CaseID88,DemogPID352622084
Mon, 12 Feb 2007 19:01:33 INFO NewCase-Chlamydia: DemogPID575231580
Mon, 12 Feb 2007 19:01:33 INFO NewCase-Chlamydia: DemogPID302794659
Mon, 12 Feb 2007 19:01:33 INFO NewCase-Chlamydia: DemogPID195641618
Mon, 12 Feb 2007 19:01:33 INFO NewCase-Chlamydia: DemogPID102455635
Mon, 12 Feb 2007 19:01:33 INFO NewCase-Chlamydia: DemogPID131586877
Mon, 12 Feb 2007 19:01:33 INFO Chlamydia: Update unsend CaseID93,DemogPID131586877
Mon, 12 Feb 2007 19:01:33 INFO NewCase-Chlamydia: DemogPID969527683
Mon, 12 Feb 2007 19:01:34 INFO NewCase-Chlamydia: DemogPID154938670
Mon, 12 Feb 2007 19:01:34 INFO NewCase-Chlamydia: DemogPID381507224
Mon, 12 Feb 2007 19:01:34 INFO NewCase-Chlamydia: DemogPID217602161
Mon, 12 Feb 2007 19:01:34 INFO NewCase-Chlamydia: DemogPID411502121
Mon, 12 Feb 2007 19:01:34 INFO Chlamydia: Update unsend CaseID98,DemogPID411502121
Mon, 12 Feb 2007 19:01:34 INFO NewCase-Chlamydia: DemogPID614467261
Mon, 12 Feb 2007 19:01:34 INFO NewCase-Chlamydia: DemogPID256329207
Mon, 12 Feb 2007 19:01:34 INFO NewCase-Chlamydia: DemogPID393021348
Mon, 12 Feb 2007 19:01:35 INFO NewCase-Chlamydia: DemogPID109982725
Mon, 12 Feb 2007 19:01:35 INFO NewCase-Chlamydia: DemogPID977735681
Mon, 12 Feb 2007 19:01:35 INFO NewCase-Chlamydia: DemogPID601008098
Mon, 12 Feb 2007 19:01:35 INFO Chlamydia: Update unsend CaseID104,DemogPID601008098
Mon, 12 Feb 2007 19:01:35 INFO NewCase-Chlamydia: DemogPID387572220
Mon, 12 Feb 2007 19:01:35 INFO Chlamydia: Update unsend CaseID105,DemogPID387572220
Mon, 12 Feb 2007 19:01:35 INFO NewCase-Chlamydia: DemogPID237284824
Mon, 12 Feb 2007 19:01:35 INFO NewCase-Chlamydia: DemogPID893024215
Mon, 12 Feb 2007 19:01:36 INFO NewCase-Chlamydia: DemogPID884244697
Mon, 12 Feb 2007 19:01:36 INFO Chlamydia: Update unsend CaseID108,DemogPID884244697
Mon, 12 Feb 2007 19:01:36 INFO NewCase-Chlamydia: DemogPID905830710
Mon, 12 Feb 2007 19:01:36 INFO NewCase-Chlamydia: DemogPID006017162
Mon, 12 Feb 2007 19:01:36 INFO NewCase-Chlamydia: DemogPID704108503
Mon, 12 Feb 2007 19:01:36 INFO Chlamydia: Update unsend CaseID111,DemogPID704108503
Mon, 12 Feb 2007 19:01:36 INFO NewCase-Chlamydia: DemogPID593132822
Mon, 12 Feb 2007 19:01:36 INFO NewCase-Chlamydia: DemogPID607016318
Mon, 12 Feb 2007 19:01:37 INFO NewCase-Chlamydia: DemogPID249765165
Mon, 12 Feb 2007 19:01:37 INFO Chlamydia: Update unsend CaseID114,DemogPID249765165
Mon, 12 Feb 2007 19:01:37 INFO NewCase-Chlamydia: DemogPID996608951
Mon, 12 Feb 2007 19:01:37 INFO NewCase-Chlamydia: DemogPID606227943
Mon, 12 Feb 2007 19:01:37 INFO Chlamydia: Update unsend CaseID116,DemogPID606227943
Mon, 12 Feb 2007 19:01:37 INFO NewCase-Chlamydia: DemogPID933194091
Mon, 12 Feb 2007 19:01:37 INFO Chlamydia: Update unsend CaseID117,DemogPID933194091
Mon, 12 Feb 2007 19:01:37 INFO NewCase-Chlamydia: DemogPID035488224
Mon, 12 Feb 2007 19:01:37 INFO Chlamydia: Update unsend CaseID118,DemogPID035488224
Mon, 12 Feb 2007 19:01:37 INFO NewCase-Chlamydia: DemogPID216680113
Mon, 12 Feb 2007 19:01:38 INFO Chlamydia: Update unsend CaseID119,DemogPID216680113
Mon, 12 Feb 2007 19:01:38 INFO NewCase-Chlamydia: DemogPID098756524
Mon, 12 Feb 2007 19:01:38 INFO NewCase-Chlamydia: DemogPID439118274
Mon, 12 Feb 2007 19:01:38 INFO NewCase-Chlamydia: DemogPID329205479
Mon, 12 Feb 2007 19:01:38 INFO NewCase-Chlamydia: DemogPID038049352
Mon, 12 Feb 2007 19:01:38 INFO NewCase-Chlamydia: DemogPID367371341
Mon, 12 Feb 2007 19:01:38 INFO NewCase-Chlamydia: DemogPID884089414
Mon, 12 Feb 2007 19:01:39 INFO NewCase-Chlamydia: DemogPID729294478
Mon, 12 Feb 2007 19:01:39 INFO NewCase-Chlamydia: DemogPID939271534
Mon, 12 Feb 2007 19:01:39 INFO Chlamydia: Update unsend CaseID127,DemogPID939271534
Mon, 12 Feb 2007 19:01:39 INFO 

Start to identify case Gonorrhea
Mon, 12 Feb 2007 19:01:39 INFO LX for Gonorrhea : (PId, LxOrderid) -[('098756524', 83479), ('439118274', 25903), ('860899364', 44376), ('860899364', 47194), ('038049352', 84061), ('825566775', 85585), ('729294478', 78168), ('823293472', 56071), ('696953713', 92780), ('696953713', 65854), ('144767944', 36705), ('227585377', 96232), ('468705657', 97902), ('810867934', 33628), ('407835441', 35887), ('296849473', 2650), ('365812627', 34505), ('601008098', 42581), ('905830710', 50066), ('280991119', 88497), ('455387187', 93887), ('687549082', 60977), ('920240735', 43529)]
Mon, 12 Feb 2007 19:01:39 INFO NewCase-Gonorrhea: DemogPID823293472
Mon, 12 Feb 2007 19:01:39 INFO NewCase-Gonorrhea: DemogPID696953713
Mon, 12 Feb 2007 19:01:39 INFO Gonorrhea: Update unsend CaseID129,DemogPID696953713
Mon, 12 Feb 2007 19:01:39 INFO NewCase-Gonorrhea: DemogPID144767944
Mon, 12 Feb 2007 19:01:40 INFO NewCase-Gonorrhea: DemogPID920240735
Mon, 12 Feb 2007 19:01:40 INFO NewCase-Gonorrhea: DemogPID227585377
Mon, 12 Feb 2007 19:01:40 INFO NewCase-Gonorrhea: DemogPID365812627
Mon, 12 Feb 2007 19:01:40 INFO NewCase-Gonorrhea: DemogPID098756524
Mon, 12 Feb 2007 19:01:40 INFO NewCase-Gonorrhea: DemogPID439118274
Mon, 12 Feb 2007 19:01:40 INFO NewCase-Gonorrhea: DemogPID687549082
Mon, 12 Feb 2007 19:01:40 INFO NewCase-Gonorrhea: DemogPID860899364
Mon, 12 Feb 2007 19:01:40 INFO Gonorrhea: Update unsend CaseID137,DemogPID860899364
Mon, 12 Feb 2007 19:01:40 INFO NewCase-Gonorrhea: DemogPID455387187
Mon, 12 Feb 2007 19:01:41 INFO NewCase-Gonorrhea: DemogPID468705657
Mon, 12 Feb 2007 19:01:41 INFO NewCase-Gonorrhea: DemogPID038049352
Mon, 12 Feb 2007 19:01:41 INFO NewCase-Gonorrhea: DemogPID601008098
Mon, 12 Feb 2007 19:01:41 INFO NewCase-Gonorrhea: DemogPID810867934
Mon, 12 Feb 2007 19:01:41 INFO NewCase-Gonorrhea: DemogPID280991119
Mon, 12 Feb 2007 19:01:41 INFO NewCase-Gonorrhea: DemogPID825566775
Mon, 12 Feb 2007 19:01:42 INFO NewCase-Gonorrhea: DemogPID905830710
Mon, 12 Feb 2007 19:01:42 INFO NewCase-Gonorrhea: DemogPID729294478
Mon, 12 Feb 2007 19:01:42 INFO NewCase-Gonorrhea: DemogPID407835441
Mon, 12 Feb 2007 19:01:42 INFO NewCase-Gonorrhea: DemogPID296849473
Mon, 12 Feb 2007 19:01:42 INFO 

Start to identify case PID
Mon, 12 Feb 2007 19:01:42 INFO LX for PID : (PId, LxOrderid) -[('187338120', 88251), ('187338120', 74603), ('187338120', 26704), ('187338120', 44313), ('742840180', 60407), ('807932926', 17034), ('027579277', 14416), ('849081768', 86517), ('849081768', 55533), ('451077468', 37933), ('451077468', 36561), ('247970431', 70906), ('247970431', 54956), ('716120463', 42034), ('206693994', 7598), ('918934524', 42926), ('016085604', 90494), ('483650739', 82576), ('483650739', 98286), ('545036495', 53303), ('019419290', 3779), ('019419290', 94813), ('019419290', 87241), ('019419290', 26277), ('525363636', 24646), ('525363636', 14649), ('525363636', 6883), ('792293841', 23861), ('805346370', 63771), ('359206467', 12971), ('054171625', 9792), ('049924444', 65730), ('416389435', 41481), ('574761831', 4557), ('270255893', 31926), ('069460687', 76323), ('911269478', 43280), ('911269478', 2474), ('911269478', 23165), ('501429637', 26039), ('501429637', 8620), ('402966853', 35745), ('205667122', 56106), ('588754300', 93836), ('173370602', 32059), ('126711584', 20804), ('281108126', 62538), ('074228488', 9617), ('074228488', 15075), ('074228488', 97719), ('476495888', 23203), ('476495888', 52666), ('645222182', 77471), ('571158002', 77279), ('537370500', 30999), ('537370500', 10517), ('668320412', 68029), ('403972775', 94069), ('702878754', 81992), ('759563035', 68747), ('759563035', 26871), ('759563035', 78595), ('841366030', 98773), ('841366030', 10511), ('841366030', 47988), ('007317850', 96770), ('311988231', 78476), ('311988231', 72016), ('311988231', 28204), ('964063832', 4759), ('992802566', 25484), ('222725970', 17120), ('655019526', 44255), ('678266827', 80406), ('510891851', 92400), ('510891851', 74506), ('292785298', 20886), ('292785298', 82316), ('292785298', 47126), ('239455237', 40968), ('239455237', 30748), ('265557264', 69968), ('187529262', 60217), ('446803382', 99739), ('988442306', 80800), ('056007286', 27981), ('056007286', 90932), ('023176691', 22642), ('674570526', 27648), ('460776912', 13634), ('460776912', 48546), ('664986773', 5946), ('664986773', 14908), ('035488224', 58100), ('035488224', 62493), ('216680113', 26141), ('216680113', 34816), ('098756524', 83479), ('098756524', 36221), ('439118274', 54018), ('439118274', 25903), ('860899364', 44376), ('860899364', 47194), ('329205479', 51962), ('038049352', 56444), ('038049352', 84061), ('367371341', 94355), ('825566775', 85585), ('884089414', 66425), ('729294478', 78168), ('729294478', 35200), ('939271534', 55452), ('939271534', 7443), ('823293472', 80130), ('823293472', 56071), ('969245135', 44157), ('129893592', 74323), ('696953713', 92780), ('696953713', 65854), ('696953713', 17793), ('144767944', 36705), ('144767944', 72428), ('060050466', 37251), ('560535327', 77886), ('227585377', 96232), ('305925143', 63024), ('712362488', 82999), ('352622084', 16509), ('352622084', 45428), ('575231580', 43114), ('302794659', 53339), ('195641618', 94274), ('468705657', 97902), ('102455635', 39487), ('131586877', 39420), ('131586877', 15059), ('969527683', 34162), ('154938670', 3131), ('810867934', 33628), ('381507224', 34418), ('217602161', 60264), ('411502121', 70670), ('411502121', 54778), ('407835441', 35887), ('614467261', 37726), ('296849473', 2650), ('256329207', 48081), ('393021348', 32784), ('365812627', 34505), ('109982725', 69551), ('977735681', 80367), ('601008098', 78429), ('601008098', 42581), ('601008098', 92343), ('387572220', 91908), ('387572220', 84481), ('237284824', 44446), ('893024215', 46496), ('884244697', 8202), ('884244697', 69713), ('905830710', 50066), ('905830710', 39220), ('280991119', 88497), ('006017162', 11414), ('704108503', 22212), ('704108503', 34709), ('593132822', 67169), ('455387187', 93887), ('687549082', 60977), ('607016318', 4473), ('249765165', 22853), ('249765165', 41604), ('996608951', 65658), ('606227943', 66505), ('606227943', 26333), ('920240735', 43529), ('933194091', 20642), ('933194091', 22136)]
Mon, 12 Feb 2007 19:01:43 INFO No cases of PID found
Mon, 12 Feb 2007 19:01:43 INFO updateSentCase - cannot find 79 in pids,nothing to update
Mon, 12 Feb 2007 19:01:45 INFO updateSentCase - cannot find 122 in pids,nothing to update
Mon, 12 Feb 2007 19:01:46 INFO updateSentCase - cannot find 165 in pids,nothing to update
