Fri, 09 Feb 2007 18:13:41 INFO Days are: [('20070209', '02092007')]; 

Fri, 09 Feb 2007 18:13:41 INFO Validator - Process epicmem.esp.02092007
Fri, 09 Feb 2007 18:13:41 INFO Validator -Process epicpro.esp.02092007
Fri, 09 Feb 2007 18:13:41 INFO Validator -Process epicvis.esp.02092007
Fri, 09 Feb 2007 18:13:41 INFO Validator - Process epicord.esp.02092007
Fri, 09 Feb 2007 18:13:41 INFO Validator - Process epicres.esp.02092007
Fri, 09 Feb 2007 18:13:41 INFO Validator - Process epicmed.esp.02092007
Fri, 09 Feb 2007 18:13:41 INFO Validator - Process epicimm.esp.02092007
Fri, 09 Feb 2007 18:13:41 INFO Validator - Files for day 02092007 OK

Fri, 09 Feb 2007 18:13:41 INFO Validating is done. Parsed days are ['02092007']

Fri, 09 Feb 2007 18:13:41 INFO Parser - parse day 02092007

Fri, 09 Feb 2007 18:13:44 INFO Moving file epicpro.esp.02092007 from /home/ESP/Priority/incomingData/ to /home/ESP/Priority/processedData/2007/MONTH_02/

Fri, 09 Feb 2007 18:13:51 INFO Traceback (most recent call last):
  File "utils/incomingParser.py", line 779, in ?
    demogdict = parseDemog(incomdir, demogf)
  File "utils/incomingParser.py", line 188, in parseDemog
    demog.save()
  File "/usr/lib/python2.4/site-packages/django/db/models/base.py", line 213, in save
    transaction.commit_unless_managed()
  File "/usr/lib/python2.4/site-packages/django/db/transaction.py", line 136, in commit_unless_managed
    connection._commit()
  File "/usr/lib/python2.4/site-packages/django/db/backends/sqlite3/base.py", line 70, in _commit
    self.connection.commit()
KeyboardInterrupt


Fri, 09 Feb 2007 18:14:26 INFO Days are: [('20070209', '02092007')]; 

Fri, 09 Feb 2007 18:14:26 INFO Validator - Process epicmem.esp.02092007
Fri, 09 Feb 2007 18:14:26 INFO Validator -Process epicpro.esp.02092007
Fri, 09 Feb 2007 18:14:26 INFO Validator -Process epicvis.esp.02092007
Fri, 09 Feb 2007 18:14:26 INFO Validator - Process epicord.esp.02092007
Fri, 09 Feb 2007 18:14:26 INFO Validator - Process epicres.esp.02092007
Fri, 09 Feb 2007 18:14:26 INFO Validator - Process epicmed.esp.02092007
Fri, 09 Feb 2007 18:14:26 INFO Validator - Process epicimm.esp.02092007
Fri, 09 Feb 2007 18:14:26 INFO Validator - Files for day 02092007 OK

Fri, 09 Feb 2007 18:14:26 INFO Validating is done. Parsed days are ['02092007']

Fri, 09 Feb 2007 18:14:26 INFO Parser - parse day 02092007

Fri, 09 Feb 2007 18:14:29 INFO Moving file epicpro.esp.02092007 from /home/ESP/Priority/incomingData/ to /home/ESP/Priority/processedData/2007/MONTH_02/

Fri, 09 Feb 2007 18:14:37 INFO Moving file epicmem.esp.02092007 from /home/ESP/Priority/incomingData/ to /home/ESP/Priority/processedData/2007/MONTH_02/

Fri, 09 Feb 2007 18:15:10 INFO Moving file epicvis.esp.02092007 from /home/ESP/Priority/incomingData/ to /home/ESP/Priority/processedData/2007/MONTH_02/

Fri, 09 Feb 2007 18:15:37 INFO Moving file epicmed.esp.02092007 from /home/ESP/Priority/incomingData/ to /home/ESP/Priority/processedData/2007/MONTH_02/

Fri, 09 Feb 2007 18:15:37 INFO Moving file epicord.esp.02092007 from /home/ESP/Priority/incomingData/ to /home/ESP/Priority/processedData/2007/MONTH_02/

Fri, 09 Feb 2007 18:16:01 INFO Moving file epicres.esp.02092007 from /home/ESP/Priority/incomingData/ to /home/ESP/Priority/processedData/2007/MONTH_02/

Fri, 09 Feb 2007 18:16:08 INFO Moving file epicimm.esp.02092007 from /home/ESP/Priority/incomingData/ to /home/ESP/Priority/processedData/2007/MONTH_02/

Fri, 09 Feb 2007 18:16:08 WARNING New Chlamydia/Gonorrhea CPT code: []

Fri, 09 Feb 2007 18:16:08 INFO Start: 2007-02-09 18:14:26.749688

Fri, 09 Feb 2007 18:16:08 INFO End:   2007-02-09 18:16:08.857922

